# JRE version: OpenJDK Runtime Environment Temurin-11.0.12+7 (11.0.12+7) (build 11.0.12+7)
# Java VM: OpenJDK 64-Bit Server VM Temurin-11.0.12+7 (11.0.12+7, mixed mode, tiered, compressed oops, g1 gc, windows-amd64)
Heap:
 garbage-first heap   total 78848K, used 49585K [0x00000000c0000000, 0x0000000100000000)
  region size 1024K, 15 young (15360K), 1 survivors (1024K)
 Metaspace       used 65539K, capacity 71186K, committed 71244K, reserved 1110016K
  class space    used 7887K, capacity 9787K, committed 9804K, reserved 1048576K
GC Heap History (20 events):
Event: 18.203 GC heap before
{Heap before GC invocations=10 (full 0):
 garbage-first heap   total 78848K, used 48964K [0x00000000c0000000, 0x0000000100000000)
  region size 1024K, 27 young (27648K), 3 survivors (3072K)
 Metaspace       used 41988K, capacity 45920K, committed 46208K, reserved 1089536K
  class space    used 4916K, capacity 6207K, committed 6272K, reserved 1048576K
}
Event: 18.224 GC heap after
{Heap after GC invocations=11 (full 0):
 garbage-first heap   total 78848K, used 26673K [0x00000000c0000000, 0x0000000100000000)
  region size 1024K, 4 young (4096K), 4 survivors (4096K)
 Metaspace       used 41988K, capacity 45920K, committed 46208K, reserved 1089536K
  class space    used 4916K, capacity 6207K, committed 6272K, reserved 1048576K
}
Event: 19.236 GC heap before
{Heap before GC invocations=11 (full 0):
 garbage-first heap   total 78848K, used 50225K [0x00000000c0000000, 0x0000000100000000)
  region size 1024K, 27 young (27648K), 4 survivors (4096K)
 Metaspace       used 47174K, capacity 51136K, committed 51200K, reserved 1093632K
  class space    used 5517K, capacity 6881K, committed 6912K, reserved 1048576K
}
Event: 19.240 GC heap after
{Heap after GC invocations=12 (full 0):
 garbage-first heap   total 78848K, used 30519K [0x00000000c0000000, 0x0000000100000000)
  region size 1024K, 4 young (4096K), 4 survivors (4096K)
 Metaspace       used 47174K, capacity 51136K, committed 51200K, reserved 1093632K
  class space    used 5517K, capacity 6881K, committed 6912K, reserved 1048576K
}
Event: 20.132 GC heap before
{Heap before GC invocations=12 (full 0):
 garbage-first heap   total 78848K, used 53047K [0x00000000c0000000, 0x0000000100000000)
  region size 1024K, 26 young (26624K), 4 survivors (4096K)
 Metaspace       used 54250K, capacity 59056K, committed 59392K, reserved 1099776K
  class space    used 6457K, capacity 8098K, committed 8192K, reserved 1048576K
}
Event: 20.140 GC heap after
{Heap after GC invocations=13 (full 0):
 garbage-first heap   total 78848K, used 32863K [0x00000000c0000000, 0x0000000100000000)
  region size 1024K, 3 young (3072K), 3 survivors (3072K)
 Metaspace       used 54250K, capacity 59056K, committed 59392K, reserved 1099776K
  class space    used 6457K, capacity 8098K, committed 8192K, reserved 1048576K
}
Event: 20.162 GC heap before
{Heap before GC invocations=13 (full 0):
 garbage-first heap   total 78848K, used 32863K [0x00000000c0000000, 0x0000000100000000)
  region size 1024K, 4 young (4096K), 3 survivors (3072K)
 Metaspace       used 54636K, capacity 59378K, committed 59520K, reserved 1101824K
  class space    used 6513K, capacity 8099K, committed 8192K, reserved 1048576K
}
Event: 20.176 GC heap after
{Heap after GC invocations=14 (full 0):
 garbage-first heap   total 78848K, used 33546K [0x00000000c0000000, 0x0000000100000000)
  region size 1024K, 1 young (1024K), 1 survivors (1024K)
 Metaspace       used 54636K, capacity 59378K, committed 59520K, reserved 1101824K
  class space    used 6513K, capacity 8099K, committed 8192K, reserved 1048576K
}
Event: 22.148 GC heap before
{Heap before GC invocations=15 (full 0):
 garbage-first heap   total 78848K, used 56074K [0x00000000c0000000, 0x0000000100000000)
  region size 1024K, 23 young (23552K), 1 survivors (1024K)
 Metaspace       used 58846K, capacity 63873K, committed 63948K, reserved 1103872K
  class space    used 7089K, capacity 8878K, committed 8908K, reserved 1048576K
}
Event: 22.152 GC heap after
{Heap after GC invocations=16 (full 0):
 garbage-first heap   total 78848K, used 36841K [0x00000000c0000000, 0x0000000100000000)
  region size 1024K, 3 young (3072K), 3 survivors (3072K)
 Metaspace       used 58846K, capacity 63873K, committed 63948K, reserved 1103872K
  class space    used 7089K, capacity 8878K, committed 8908K, reserved 1048576K
}
Event: 22.170 GC heap before
{Heap before GC invocations=16 (full 0):
 garbage-first heap   total 78848K, used 37865K [0x00000000c0000000, 0x0000000100000000)
  region size 1024K, 4 young (4096K), 3 survivors (3072K)
 Metaspace       used 59048K, capacity 64100K, committed 64332K, reserved 1103872K
  class space    used 7106K, capacity 8911K, committed 9036K, reserved 1048576K
}
Event: 22.175 GC heap after
{Heap after GC invocations=17 (full 0):
 garbage-first heap   total 78848K, used 35513K [0x00000000c0000000, 0x0000000100000000)
  region size 1024K, 1 young (1024K), 1 survivors (1024K)
 Metaspace       used 59048K, capacity 64100K, committed 64332K, reserved 1103872K
  class space    used 7106K, capacity 8911K, committed 9036K, reserved 1048576K
}
Event: 23.255 GC heap before
{Heap before GC invocations=17 (full 0):
 garbage-first heap   total 78848K, used 55993K [0x00000000c0000000, 0x0000000100000000)
  region size 1024K, 22 young (22528K), 1 survivors (1024K)
 Metaspace       used 63260K, capacity 68766K, committed 69068K, reserved 1107968K
  class space    used 7699K, capacity 9565K, committed 9676K, reserved 1048576K
}
Event: 23.269 GC heap after
{Heap after GC invocations=18 (full 0):
 garbage-first heap   total 78848K, used 36797K [0x00000000c0000000, 0x0000000100000000)
  region size 1024K, 2 young (2048K), 2 survivors (2048K)
 Metaspace       used 63260K, capacity 68766K, committed 69068K, reserved 1107968K
  class space    used 7699K, capacity 9565K, committed 9676K, reserved 1048576K
}
Event: 50.062 GC heap before
{Heap before GC invocations=19 (full 0):
 garbage-first heap   total 78848K, used 59325K [0x00000000c0000000, 0x0000000100000000)
  region size 1024K, 24 young (24576K), 2 survivors (2048K)
 Metaspace       used 64253K, capacity 69794K, committed 69964K, reserved 1110016K
  class space    used 7785K, capacity 9693K, committed 9804K, reserved 1048576K
}
Event: 50.088 GC heap after
{Heap after GC invocations=20 (full 0):
 garbage-first heap   total 78848K, used 37403K [0x00000000c0000000, 0x0000000100000000)
  region size 1024K, 1 young (1024K), 1 survivors (1024K)
 Metaspace       used 64253K, capacity 69794K, committed 69964K, reserved 1110016K
  class space    used 7785K, capacity 9693K, committed 9804K, reserved 1048576K
}
Event: 69.249 GC heap before
{Heap before GC invocations=20 (full 0):
 garbage-first heap   total 78848K, used 39451K [0x00000000c0000000, 0x0000000100000000)
  region size 1024K, 3 young (3072K), 1 survivors (1024K)
 Metaspace       used 64300K, capacity 69800K, committed 69964K, reserved 1110016K
  class space    used 7788K, capacity 9693K, committed 9804K, reserved 1048576K
}
Event: 69.251 GC heap after
{Heap after GC invocations=21 (full 0):
 garbage-first heap   total 78848K, used 36679K [0x00000000c0000000, 0x0000000100000000)
  region size 1024K, 1 young (1024K), 1 survivors (1024K)
 Metaspace       used 64300K, capacity 69800K, committed 69964K, reserved 1110016K
  class space    used 7788K, capacity 9693K, committed 9804K, reserved 1048576K
}
Event: 108.438 GC heap before
{Heap before GC invocations=21 (full 0):
 garbage-first heap   total 78848K, used 59207K [0x00000000c0000000, 0x0000000100000000)
  region size 1024K, 23 young (23552K), 1 survivors (1024K)
 Metaspace       used 65012K, capacity 70578K, committed 70732K, reserved 1110016K
  class space    used 7851K, capacity 9755K, committed 9804K, reserved 1048576K
}
Event: 108.454 GC heap after
{Heap after GC invocations=22 (full 0):
 garbage-first heap   total 78848K, used 37297K [0x00000000c0000000, 0x0000000100000000)
  region size 1024K, 1 young (1024K), 1 survivors (1024K)
 Metaspace       used 65012K, capacity 70578K, committed 70732K, reserved 1110016K
  class space    used 7851K, capacity 9755K, committed 9804K, reserved 1048576K
}

